{"timestamp": 1727804326405, "out1": "-3.5", "out2": "--", "out3": "--"}
{"timestamp": 1727804326505, "out1": "-2.4", "out2": "4.0", "out3": "--"}
{"timestamp": 1727804326605, "out1": "-0.3", "out2": "--", "out3": "--"}
{"timestamp": 1727804326705, "out1": "0.3", "out2": "5.0", "out3": "0.0"}
{"timestamp": 1727804326805, "out1": "2.8", "out2": "--", "out3": "--"}
{"timestamp": 1727804326905, "out1": "3.4", "out2": "4.0", "out3": "--"}
{"timestamp": 1727804327005, "out1": "4.7", "out2": "--", "out3": "--"}
{"timestamp": 1727804327105, "out1": "4.9", "out2": "3.0", "out3": "--"}
{"timestamp": 1727804327205, "out1": "5.0", "out2": "--", "out3": "0.0"}
{"timestamp": 1727804327305, "out1": "4.8", "out2": "2.0", "out3": "--"}
{"timestamp": 1727804327405, "out1": "3.2", "out2": "--", "out3": "--"}
{"timestamp": 1727804327505, "out1": "2.3", "out2": "1.0", "out3": "--"}
{"timestamp": 1727804327605, "out1": "0.3", "out2": "--", "out3": "--"}
{"timestamp": 1727804327705, "out1": "-0.5", "out2": "0.0", "out3": "0.0"}
{"timestamp": 1727804327805, "out1": "-2.8", "out2": "--", "out3": "--"}
{"timestamp": 1727804327905, "out1": "-3.5", "out2": "-1.0", "out3": "--"}
{"timestamp": 1727804328005, "out1": "-4.6", "out2": "--", "out3": "--"}
{"timestamp": 1727804328105, "out1": "-4.9", "out2": "-2.0", "out3": "--"}
{"timestamp": 1727804328205, "out1": "-4.9", "out2": "--", "out3": "0.0"}
{"timestamp": 1727804328305, "out1": "-4.4", "out2": "-3.0", "out3": "--"}
{"timestamp": 1727804328405, "out1": "-3.3", "out2": "--", "out3": "--"}
{"timestamp": 1727804328505, "out1": "-2.5", "out2": "-4.0", "out3": "--"}
{"timestamp": 1727804328605, "out1": "-0.8", "out2": "--", "out3": "--"}
{"timestamp": 1727804328705, "out1": "0.6", "out2": "-5.0", "out3": "5.0"}
{"timestamp": 1727804328805, "out1": "2.4", "out2": "--", "out3": "--"}
{"timestamp": 1727804328905, "out1": "3.2", "out2": "-4.0", "out3": "--"}
{"timestamp": 1727804329005, "out1": "4.6", "out2": "--", "out3": "--"}
{"timestamp": 1727804329105, "out1": "4.9", "out2": "-3.0", "out3": "--"}
{"timestamp": 1727804329205, "out1": "4.9", "out2": "--", "out3": "5.0"}
{"timestamp": 1727804329305, "out1": "4.7", "out2": "-2.0", "out3": "--"}
{"timestamp": 1727804329405, "out1": "3.8", "out2": "--", "out3": "--"}
{"timestamp": 1727804329505, "out1": "2.1", "out2": "-1.0", "out3": "--"}
{"timestamp": 1727804329605, "out1": "0.2", "out2": "--", "out3": "--"}
{"timestamp": 1727804329705, "out1": "-0.8", "out2": "-0.0", "out3": "5.0"}
{"timestamp": 1727804329805, "out1": "-2.7", "out2": "--", "out3": "--"}
{"timestamp": 1727804329905, "out1": "-3.5", "out2": "1.0", "out3": "--"}
{"timestamp": 1727804330005, "out1": "-4.6", "out2": "--", "out3": "--"}
{"timestamp": 1727804330105, "out1": "-5.0", "out2": "2.0", "out3": "--"}
{"timestamp": 1727804330205, "out1": "-4.9", "out2": "--", "out3": "5.0"}
{"timestamp": 1727804330305, "out1": "-4.4", "out2": "3.0", "out3": "--"}
{"timestamp": 1727804330405, "out1": "-3.2", "out2": "--", "out3": "--"}
{"timestamp": 1727804330505, "out1": "-2.7", "out2": "4.0", "out3": "--"}
{"timestamp": 1727804330605, "out1": "-0.9", "out2": "--", "out3": "--"}
{"timestamp": 1727804330705, "out1": "0.6", "out2": "5.0", "out3": "5.0"}
{"timestamp": 1727804330805, "out1": "2.7", "out2": "--", "out3": "--"}
{"timestamp": 1727804330905, "out1": "3.5", "out2": "4.0", "out3": "--"}
{"timestamp": 1727804331005, "out1": "4.6", "out2": "--", "out3": "--"}
{"timestamp": 1727804331105, "out1": "4.9", "out2": "3.0", "out3": "--"}
{"timestamp": 1727804331205, "out1": "5.0", "out2": "--", "out3": "5.0"}
{"timestamp": 1727804331305, "out1": "4.5", "out2": "2.0", "out3": "--"}
{"timestamp": 1727804331405, "out1": "3.2", "out2": "--", "out3": "--"}
{"timestamp": 1727804331505, "out1": "2.4", "out2": "1.0", "out3": "--"}
{"timestamp": 1727804331605, "out1": "1.2", "out2": "--", "out3": "--"}
{"timestamp": 1727804331705, "out1": "-0.6", "out2": "0.0", "out3": "5.0"}
{"timestamp": 1727804331805, "out1": "-2.7", "out2": "--", "out3": "--"}
{"timestamp": 1727804331905, "out1": "-3.5", "out2": "-1.0", "out3": "--"}
{"timestamp": 1727804332005, "out1": "-4.6", "out2": "--", "out3": "--"}
{"timestamp": 1727804332105, "out1": "-4.9", "out2": "-2.0", "out3": "--"}
{"timestamp": 1727804332205, "out1": "-4.9", "out2": "--", "out3": "5.0"}
{"timestamp": 1727804332305, "out1": "-4.5", "out2": "-3.0", "out3": "--"}
{"timestamp": 1727804332405, "out1": "-3.1", "out2": "--", "out3": "--"}
{"timestamp": 1727804332505, "out1": "-2.1", "out2": "-4.0", "out3": "--"}
{"timestamp": 1727804332605, "out1": "-0.3", "out2": "--", "out3": "--"}
{"timestamp": 1727804332705, "out1": "0.3", "out2": "--", "out3": "0.0"}
{"timestamp": 1727804332805, "out1": "2.8", "out2": "--", "out3": "--"}
{"timestamp": 1727804332905, "out1": "3.6", "out2": "-4.0", "out3": "--"}
{"timestamp": 1727804333005, "out1": "4.6", "out2": "--", "out3": "--"}
{"timestamp": 1727804333105, "out1": "4.9", "out2": "-3.0", "out3": "--"}
{"timestamp": 1727804333205, "out1": "5.0", "out2": "--", "out3": "0.0"}
{"timestamp": 1727804333305, "out1": "4.5", "out2": "-2.0", "out3": "--"}
{"timestamp": 1727804333405, "out1": "3.1", "out2": "--", "out3": "--"}
{"timestamp": 1727804333505, "out1": "2.1", "out2": "-1.0", "out3": "--"}
{"timestamp": 1727804333605, "out1": "0.2", "out2": "--", "out3": "--"}
{"timestamp": 1727804333705, "out1": "-0.6", "out2": "-0.0", "out3": "0.0"}
{"timestamp": 1727804333805, "out1": "-2.8", "out2": "--", "out3": "--"}
{"timestamp": 1727804333905, "out1": "-3.4", "out2": "1.0", "out3": "--"}
{"timestamp": 1727804334005, "out1": "-4.5", "out2": "--", "out3": "--"}
{"timestamp": 1727804334105, "out1": "-5.0", "out2": "2.0", "out3": "--"}
{"timestamp": 1727804334205, "out1": "-4.9", "out2": "--", "out3": "0.0"}
{"timestamp": 1727804334305, "out1": "-4.3", "out2": "--", "out3": "--"}
{"timestamp": 1727804334405, "out1": "-3.1", "out2": "--", "out3": "--"}
{"timestamp": 1727804334505, "out1": "-2.1", "out2": "4.0", "out3": "--"}
{"timestamp": 1727804334605, "out1": "-0.3", "out2": "--", "out3": "--"}
{"timestamp": 1727804334705, "out1": "0.6", "out2": "5.0", "out3": "0.0"}
{"timestamp": 1727804334805, "out1": "2.7", "out2": "--", "out3": "--"}
{"timestamp": 1727804334905, "out1": "3.3", "out2": "4.0", "out3": "--"}
{"timestamp": 1727804335005, "out1": "4.7", "out2": "--", "out3": "--"}
{"timestamp": 1727804335105, "out1": "5.0", "out2": "3.0", "out3": "--"}
{"timestamp": 1727804335205, "out1": "4.9", "out2": "--", "out3": "0.0"}
{"timestamp": 1727804335305, "out1": "4.5", "out2": "2.0", "out3": "--"}
{"timestamp": 1727804335405, "out1": "3.2", "out2": "--", "out3": "--"}
{"timestamp": 1727804335505, "out1": "2.0", "out2": "1.0", "out3": "--"}
{"timestamp": 1727804335605, "out1": "0.5", "out2": "--", "out3": "--"}
{"timestamp": 1727804335705, "out1": "-0.6", "out2": "0.0", "out3": "0.0"}
{"timestamp": 1727804335805, "out1": "-2.8", "out2": "--", "out3": "--"}
{"timestamp": 1727804335905, "out1": "-3.5", "out2": "-1.0", "out3": "--"}
{"timestamp": 1727804336005, "out1": "-4.7", "out2": "--", "out3": "--"}
{"timestamp": 1727804336105, "out1": "-5.0", "out2": "-2.0", "out3": "--"}
{"timestamp": 1727804336205, "out1": "-4.9", "out2": "--", "out3": "0.0"}
{"timestamp": 1727804336305, "out1": "-4.5", "out2": "-3.0", "out3": "--"}
{"timestamp": 1727804336405, "out1": "-3.1", "out2": "--", "out3": "--"}
{"timestamp": 1727804336505, "out1": "-1.8", "out2": "--", "out3": "--"}
{"timestamp": 1727804336605, "out1": "-0.3", "out2": "--", "out3": "--"}
{"timestamp": 1727804336705, "out1": "0.2", "out2": "-5.0", "out3": "5.0"}
{"timestamp": 1727804336805, "out1": "2.8", "out2": "--", "out3": "--"}
{"timestamp": 1727804336905, "out1": "3.5", "out2": "-4.0", "out3": "--"}
{"timestamp": 1727804337005, "out1": "4.7", "out2": "--", "out3": "--"}
{"timestamp": 1727804337105, "out1": "4.9", "out2": "-3.0", "out3": "--"}
{"timestamp": 1727804337205, "out1": "4.9", "out2": "--", "out3": "5.0"}
{"timestamp": 1727804337305, "out1": "4.5", "out2": "-2.0", "out3": "--"}
{"timestamp": 1727804337405, "out1": "3.5", "out2": "--", "out3": "--"}
{"timestamp": 1727804337505, "out1": "2.7", "out2": "-1.0", "out3": "--"}
{"timestamp": 1727804337605, "out1": "0.5", "out2": "--", "out3": "--"}
{"timestamp": 1727804337705, "out1": "-0.0", "out2": "-0.0", "out3": "5.0"}
{"timestamp": 1727804337805, "out1": "-2.7", "out2": "--", "out3": "--"}
{"timestamp": 1727804337905, "out1": "-2.9", "out2": "1.0", "out3": "--"}
{"timestamp": 1727804338005, "out1": "-4.6", "out2": "--", "out3": "--"}
{"timestamp": 1727804338105, "out1": "-4.9", "out2": "2.0", "out3": "--"}
{"timestamp": 1727804338205, "out1": "-5.0", "out2": "--", "out3": "5.0"}
{"timestamp": 1727804338305, "out1": "-4.5", "out2": "3.0", "out3": "--"}
{"timestamp": 1727804338405, "out1": "-3.2", "out2": "--", "out3": "--"}
{"timestamp": 1727804338505, "out1": "-2.4", "out2": "4.0", "out3": "--"}
{"timestamp": 1727804338605, "out1": "-0.5", "out2": "--", "out3": "--"}
{"timestamp": 1727804338705, "out1": "0.3", "out2": "5.0", "out3": "5.0"}
{"timestamp": 1727804338805, "out1": "2.8", "out2": "--", "out3": "--"}
{"timestamp": 1727804338905, "out1": "3.6", "out2": "4.0", "out3": "--"}
{"timestamp": 1727804339005, "out1": "4.5", "out2": "--", "out3": "--"}
{"timestamp": 1727804339105, "out1": "4.9", "out2": "3.0", "out3": "--"}
{"timestamp": 1727804339205, "out1": "4.9", "out2": "--", "out3": "5.0"}
{"timestamp": 1727804339305, "out1": "4.5", "out2": "2.0", "out3": "--"}
{"timestamp": 1727804339405, "out1": "3.2", "out2": "--", "out3": "--"}
{"timestamp": 1727804339505, "out1": "2.1", "out2": "1.0", "out3": "--"}
{"timestamp": 1727804339605, "out1": "0.3", "out2": "--", "out3": "--"}
{"timestamp": 1727804339705, "out1": "-0.5", "out2": "0.0", "out3": "5.0"}
{"timestamp": 1727804339805, "out1": "-2.7", "out2": "--", "out3": "--"}
{"timestamp": 1727804339905, "out1": "-3.5", "out2": "-1.0", "out3": "--"}
{"timestamp": 1727804340005, "out1": "-4.7", "out2": "--", "out3": "--"}
{"timestamp": 1727804340105, "out1": "-5.0", "out2": "-2.0", "out3": "--"}
{"timestamp": 1727804340205, "out1": "-5.0", "out2": "--", "out3": "5.0"}
{"timestamp": 1727804340305, "out1": "-4.4", "out2": "-3.0", "out3": "--"}
{"timestamp": 1727804340405, "out1": "-3.1", "out2": "--", "out3": "--"}
{"timestamp": 1727804340505, "out1": "-2.7", "out2": "-4.0", "out3": "--"}
{"timestamp": 1727804340605, "out1": "-0.3", "out2": "--", "out3": "--"}
{"timestamp": 1727804340705, "out1": "0.3", "out2": "-5.0", "out3": "5.0"}
{"timestamp": 1727804340805, "out1": "2.7", "out2": "--", "out3": "--"}
{"timestamp": 1727804340905, "out1": "3.9", "out2": "-4.0", "out3": "--"}
{"timestamp": 1727804341005, "out1": "4.7", "out2": "--", "out3": "--"}
{"timestamp": 1727804341105, "out1": "4.9", "out2": "-3.0", "out3": "--"}
{"timestamp": 1727804341205, "out1": "4.9", "out2": "--", "out3": "5.0"}
{"timestamp": 1727804341305, "out1": "4.5", "out2": "-2.0", "out3": "--"}
{"timestamp": 1727804341405, "out1": "3.4", "out2": "--", "out3": "--"}
{"timestamp": 1727804341505, "out1": "2.3", "out2": "-1.0", "out3": "--"}
{"timestamp": 1727804341605, "out1": "1.1", "out2": "--", "out3": "--"}
{"timestamp": 1727804341705, "out1": "-0.3", "out2": "-0.0", "out3": "0.0"}
{"timestamp": 1727804341805, "out1": "-2.5", "out2": "--", "out3": "--"}
{"timestamp": 1727804341905, "out1": "-3.4", "out2": "1.0", "out3": "--"}
{"timestamp": 1727804342005, "out1": "-4.6", "out2": "--", "out3": "--"}
{"timestamp": 1727804342105, "out1": "-4.9", "out2": "2.0", "out3": "--"}
{"timestamp": 1727804342205, "out1": "-5.0", "out2": "--", "out3": "0.0"}
{"timestamp": 1727804342305, "out1": "-4.4", "out2": "3.0", "out3": "--"}
{"timestamp": 1727804342405, "out1": "-3.4", "out2": "--", "out3": "--"}
{"timestamp": 1727804342505, "out1": "-2.0", "out2": "4.0", "out3": "--"}
{"timestamp": 1727804342605, "out1": "-0.5", "out2": "--", "out3": "--"}
{"timestamp": 1727804342705, "out1": "0.3", "out2": "5.0", "out3": "0.0"}
{"timestamp": 1727804342805, "out1": "2.8", "out2": "--", "out3": "--"}
{"timestamp": 1727804342905, "out1": "2.9", "out2": "4.0", "out3": "--"}
{"timestamp": 1727804343005, "out1": "4.6", "out2": "--", "out3": "--"}
{"timestamp": 1727804343105, "out1": "5.0", "out2": "--", "out3": "--"}
{"timestamp": 1727804343205, "out1": "4.9", "out2": "--", "out3": "0.0"}
{"timestamp": 1727804343305, "out1": "4.5", "out2": "2.0", "out3": "--"}
{"timestamp": 1727804343405, "out1": "3.3", "out2": "--", "out3": "--"}
{"timestamp": 1727804343505, "out1": "2.5", "out2": "1.0", "out3": "--"}
{"timestamp": 1727804343605, "out1": "0.3", "out2": "--", "out3": "--"}
{"timestamp": 1727804343705, "out1": "-0.6", "out2": "0.0", "out3": "5.0"}
{"timestamp": 1727804343805, "out1": "-2.3", "out2": "--", "out3": "--"}
{"timestamp": 1727804343905, "out1": "-3.6", "out2": "-1.0", "out3": "--"}
{"timestamp": 1727804344005, "out1": "-4.7", "out2": "--", "out3": "--"}
{"timestamp": 1727804344105, "out1": "-5.0", "out2": "-2.0", "out3": "--"}
{"timestamp": 1727804344205, "out1": "-4.9", "out2": "--", "out3": "5.0"}
{"timestamp": 1727804344305, "out1": "-4.6", "out2": "-3.0", "out3": "--"}
{"timestamp": 1727804344405, "out1": "-3.1", "out2": "--", "out3": "--"}
{"timestamp": 1727804344505, "out1": "-2.1", "out2": "-4.0", "out3": "--"}
{"timestamp": 1727804344605, "out1": "-0.3", "out2": "--", "out3": "--"}
{"timestamp": 1727804344705, "out1": "0.2", "out2": "--", "out3": "5.0"}
{"timestamp": 1727804344805, "out1": "2.1", "out2": "--", "out3": "--"}
{"timestamp": 1727804344905, "out1": "3.2", "out2": "-4.0", "out3": "--"}
{"timestamp": 1727804345005, "out1": "4.6", "out2": "--", "out3": "--"}
{"timestamp": 1727804345105, "out1": "4.8", "out2": "-3.0", "out3": "--"}
{"timestamp": 1727804345205, "out1": "4.9", "out2": "--", "out3": "5.0"}
{"timestamp": 1727804345305, "out1": "4.4", "out2": "-2.0", "out3": "--"}
{"timestamp": 1727804345405, "out1": "3.1", "out2": "--", "out3": "--"}
{"timestamp": 1727804345505, "out1": "2.4", "out2": "-1.0", "out3": "--"}
{"timestamp": 1727804345605, "out1": "0.3", "out2": "--", "out3": "--"}
{"timestamp": 1727804345705, "out1": "-0.3", "out2": "0.0", "out3": "5.0"}
{"timestamp": 1727804345805, "out1": "-2.8", "out2": "--", "out3": "--"}
{"timestamp": 1727804345905, "out1": "-3.5", "out2": "1.0", "out3": "--"}
{"timestamp": 1727804346005, "out1": "-4.5", "out2": "--", "out3": "--"}
{"timestamp": 1727804346105, "out1": "-4.9", "out2": "2.0", "out3": "--"}
{"timestamp": 1727804346205, "out1": "-4.9", "out2": "--", "out3": "5.0"}
{"timestamp": 1727804346305, "out1": "-4.4", "out2": "3.0", "out3": "--"}
{"timestamp": 1727804346405, "out1": "-3.3", "out2": "--", "out3": "--"}
{"timestamp": 1727804346505, "out1": "-2.5", "out2": "4.0", "out3": "--"}
{"timestamp": 1727804346605, "out1": "-0.5", "out2": "--", "out3": "--"}
{"timestamp": 1727804346705, "out1": "0.5", "out2": "5.0", "out3": "5.0"}
{"timestamp": 1727804346805, "out1": "2.5", "out2": "--", "out3": "--"}
{"timestamp": 1727804346905, "out1": "3.2", "out2": "4.0", "out3": "--"}
{"timestamp": 1727804347005, "out1": "4.2", "out2": "--", "out3": "--"}
{"timestamp": 1727804347105, "out1": "4.9", "out2": "3.0", "out3": "--"}
{"timestamp": 1727804347205, "out1": "5.0", "out2": "--", "out3": "5.0"}
{"timestamp": 1727804347305, "out1": "4.5", "out2": "2.0", "out3": "--"}
{"timestamp": 1727804347405, "out1": "3.9", "out2": "--", "out3": "--"}
{"timestamp": 1727804347505, "out1": "2.3", "out2": "1.0", "out3": "--"}
{"timestamp": 1727804347605, "out1": "0.3", "out2": "--", "out3": "--"}
{"timestamp": 1727804347705, "out1": "-0.3", "out2": "-0.0", "out3": "5.0"}
{"timestamp": 1727804347805, "out1": "-2.0", "out2": "--", "out3": "--"}
{"timestamp": 1727804347905, "out1": "-3.5", "out2": "-1.0", "out3": "--"}
{"timestamp": 1727804348005, "out1": "-4.6", "out2": "--", "out3": "--"}
{"timestamp": 1727804348105, "out1": "-5.0", "out2": "--", "out3": "--"}
{"timestamp": 1727804348205, "out1": "-4.9", "out2": "--", "out3": "5.0"}
{"timestamp": 1727804348305, "out1": "-4.7", "out2": "-3.0", "out3": "--"}
{"timestamp": 1727804348405, "out1": "-3.1", "out2": "--", "out3": "--"}
{"timestamp": 1727804348505, "out1": "-2.1", "out2": "-4.0", "out3": "--"}
{"timestamp": 1727804348605, "out1": "-0.3", "out2": "--", "out3": "--"}
{"timestamp": 1727804348705, "out1": "0.6", "out2": "-5.0", "out3": "0.0"}
{"timestamp": 1727804348805, "out1": "2.7", "out2": "--", "out3": "--"}
{"timestamp": 1727804348905, "out1": "3.6", "out2": "-4.0", "out3": "--"}
{"timestamp": 1727804349005, "out1": "4.6", "out2": "--", "out3": "--"}
{"timestamp": 1727804349105, "out1": "5.0", "out2": "-3.0", "out3": "--"}
{"timestamp": 1727804349205, "out1": "5.0", "out2": "--", "out3": "0.0"}
{"timestamp": 1727804349305, "out1": "4.5", "out2": "-2.0", "out3": "--"}
{"timestamp": 1727804349405, "out1": "3.2", "out2": "--", "out3": "--"}
{"timestamp": 1727804349505, "out1": "2.1", "out2": "-1.0", "out3": "--"}
{"timestamp": 1727804349605, "out1": "1.7", "out2": "--", "out3": "--"}
{"timestamp": 1727804349705, "out1": "-0.8", "out2": "0.0", "out3": "5.0"}
{"timestamp": 1727804349805, "out1": "-1.7", "out2": "--", "out3": "--"}
{"timestamp": 1727804349905, "out1": "-3.6", "out2": "1.0", "out3": "--"}
{"timestamp": 1727804350005, "out1": "-4.5", "out2": "--", "out3": "--"}
{"timestamp": 1727804350105, "out1": "-4.9", "out2": "2.0", "out3": "--"}
{"timestamp": 1727804350205, "out1": "-4.9", "out2": "--", "out3": "5.0"}
{"timestamp": 1727804350305, "out1": "-4.6", "out2": "3.0", "out3": "--"}
{"timestamp": 1727804350405, "out1": "-3.1", "out2": "--", "out3": "--"}
{"timestamp": 1727804350505, "out1": "-2.3", "out2": "4.0", "out3": "--"}
{"timestamp": 1727804350605, "out1": "-0.2", "out2": "--", "out3": "--"}
{"timestamp": 1727804350705, "out1": "0.3", "out2": "5.0", "out3": "0.0"}
{"timestamp": 1727804350805, "out1": "2.5", "out2": "--", "out3": "--"}
{"timestamp": 1727804350905, "out1": "3.6", "out2": "4.0", "out3": "--"}
{"timestamp": 1727804351005, "out1": "3.9", "out2": "--", "out3": "--"}
{"timestamp": 1727804351105, "out1": "4.9", "out2": "3.0", "out3": "--"}
{"timestamp": 1727804351205, "out1": "5.0", "out2": "--", "out3": "0.0"}
{"timestamp": 1727804351305, "out1": "4.6", "out2": "2.0", "out3": "--"}
{"timestamp": 1727804351405, "out1": "4.0", "out2": "--", "out3": "--"}
{"timestamp": 1727804351505, "out1": "2.3", "out2": "1.0", "out3": "--"}
{"timestamp": 1727804351605, "out1": "0.2", "out2": "--", "out3": "--"}
{"timestamp": 1727804351705, "out1": "0.0", "out2": "-0.0", "out3": "0.0"}
{"timestamp": 1727804351805, "out1": "-2.7", "out2": "--", "out3": "--"}
{"timestamp": 1727804351905, "out1": "-3.6", "out2": "-1.0", "out3": "--"}
{"timestamp": 1727804352005, "out1": "-4.7", "out2": "--", "out3": "--"}
{"timestamp": 1727804352105, "out1": "-5.0", "out2": "-2.0", "out3": "--"}
{"timestamp": 1727804352205, "out1": "-4.9", "out2": "--", "out3": "0.0"}
{"timestamp": 1727804352305, "out1": "-4.4", "out2": "-3.0", "out3": "--"}
{"timestamp": 1727804352405, "out1": "-3.2", "out2": "--", "out3": "--"}
{"timestamp": 1727804352505, "out1": "-2.4", "out2": "-4.0", "out3": "--"}
{"timestamp": 1727804352605, "out1": "-0.6", "out2": "--", "out3": "--"}
{"timestamp": 1727804352705, "out1": "0.5", "out2": "-5.0", "out3": "5.0"}
{"timestamp": 1727804352805, "out1": "2.8", "out2": "--", "out3": "--"}
{"timestamp": 1727804352905, "out1": "3.4", "out2": "-4.0", "out3": "--"}
{"timestamp": 1727804353005, "out1": "4.5", "out2": "--", "out3": "--"}
{"timestamp": 1727804353105, "out1": "4.9", "out2": "--", "out3": "--"}
{"timestamp": 1727804353205, "out1": "5.0", "out2": "--", "out3": "5.0"}
{"timestamp": 1727804353305, "out1": "4.5", "out2": "-2.0", "out3": "--"}
{"timestamp": 1727804353405, "out1": "3.1", "out2": "--", "out3": "--"}
{"timestamp": 1727804353505, "out1": "2.3", "out2": "-1.0", "out3": "--"}
{"timestamp": 1727804353605, "out1": "0.2", "out2": "--", "out3": "--"}
{"timestamp": 1727804353705, "out1": "-0.8", "out2": "0.0", "out3": "5.0"}
{"timestamp": 1727804353805, "out1": "-2.5", "out2": "--", "out3": "--"}
{"timestamp": 1727804353905, "out1": "-3.5", "out2": "1.0", "out3": "--"}
{"timestamp": 1727804354005, "out1": "-4.6", "out2": "--", "out3": "--"}
{"timestamp": 1727804354105, "out1": "-5.0", "out2": "2.0", "out3": "--"}
{"timestamp": 1727804354205, "out1": "-5.0", "out2": "--", "out3": "5.0"}
{"timestamp": 1727804354305, "out1": "-4.7", "out2": "3.0", "out3": "--"}
{"timestamp": 1727804354405, "out1": "-3.4", "out2": "--", "out3": "--"}
{"timestamp": 1727804354505, "out1": "-2.1", "out2": "4.0", "out3": "--"}
{"timestamp": 1727804354605, "out1": "-0.5", "out2": "--", "out3": "--"}
{"timestamp": 1727804354705, "out1": "0.5", "out2": "5.0", "out3": "5.0"}
{"timestamp": 1727804354805, "out1": "2.7", "out2": "--", "out3": "--"}
{"timestamp": 1727804354905, "out1": "2.9", "out2": "4.0", "out3": "--"}
{"timestamp": 1727804355005, "out1": "4.5", "out2": "--", "out3": "--"}
{"timestamp": 1727804355105, "out1": "4.8", "out2": "3.0", "out3": "--"}
{"timestamp": 1727804355205, "out1": "4.9", "out2": "--", "out3": "5.0"}
{"timestamp": 1727804355305, "out1": "4.2", "out2": "--", "out3": "--"}
{"timestamp": 1727804355405, "out1": "3.1", "out2": "--", "out3": "--"}
{"timestamp": 1727804355505, "out1": "2.1", "out2": "1.0", "out3": "--"}
{"timestamp": 1727804355605, "out1": "0.5", "out2": "--", "out3": "--"}
{"timestamp": 1727804355705, "out1": "-0.5", "out2": "-0.0", "out3": "5.0"}
{"timestamp": 1727804355805, "out1": "-2.8", "out2": "--", "out3": "--"}
{"timestamp": 1727804355905, "out1": "-3.5", "out2": "-1.0", "out3": "--"}
{"timestamp": 1727804356005, "out1": "-4.7", "out2": "--", "out3": "--"}
{"timestamp": 1727804356105, "out1": "-4.9", "out2": "-2.0", "out3": "--"}
{"timestamp": 1727804356205, "out1": "-5.0", "out2": "--", "out3": "5.0"}
{"timestamp": 1727804356305, "out1": "-4.5", "out2": "-3.0", "out3": "--"}
{"timestamp": 1727804356405, "out1": "-3.1", "out2": "--", "out3": "--"}
{"timestamp": 1727804356505, "out1": "-2.1", "out2": "-4.0", "out3": "--"}
{"timestamp": 1727804356605, "out1": "-0.2", "out2": "--", "out3": "--"}
{"timestamp": 1727804356705, "out1": "0.6", "out2": "-5.0", "out3": "5.0"}
{"timestamp": 1727804356805, "out1": "2.5", "out2": "--", "out3": "--"}
{"timestamp": 1727804356905, "out1": "3.6", "out2": "-4.0", "out3": "--"}
{"timestamp": 1727804357005, "out1": "4.4", "out2": "--", "out3": "--"}
{"timestamp": 1727804357105, "out1": "4.8", "out2": "-3.0", "out3": "--"}
{"timestamp": 1727804357205, "out1": "5.0", "out2": "--", "out3": "5.0"}
{"timestamp": 1727804357305, "out1": "4.5", "out2": "-2.0", "out3": "--"}
{"timestamp": 1727804357405, "out1": "3.2", "out2": "--", "out3": "--"}
{"timestamp": 1727804357505, "out1": "2.1", "out2": "-1.0", "out3": "--"}
{"timestamp": 1727804357605, "out1": "0.2", "out2": "--", "out3": "--"}
{"timestamp": 1727804357705, "out1": "-0.5", "out2": "0.0", "out3": "0.0"}
{"timestamp": 1727804357805, "out1": "-2.8", "out2": "--", "out3": "--"}
{"timestamp": 1727804357905, "out1": "-3.5", "out2": "1.0", "out3": "--"}
{"timestamp": 1727804358005, "out1": "-4.2", "out2": "--", "out3": "--"}
{"timestamp": 1727804358105, "out1": "-5.0", "out2": "2.0", "out3": "--"}
{"timestamp": 1727804358205, "out1": "-5.0", "out2": "--", "out3": "0.0"}
{"timestamp": 1727804358305, "out1": "-4.5", "out2": "3.0", "out3": "--"}
{"timestamp": 1727804358405, "out1": "-3.3", "out2": "--", "out3": "--"}
{"timestamp": 1727804358505, "out1": "-2.1", "out2": "4.0", "out3": "--"}
{"timestamp": 1727804358605, "out1": "-0.2", "out2": "--", "out3": "--"}
{"timestamp": 1727804358705, "out1": "0.8", "out2": "5.0", "out3": "5.0"}
{"timestamp": 1727804358805, "out1": "2.7", "out2": "--", "out3": "--"}
{"timestamp": 1727804358905, "out1": "3.6", "out2": "4.0", "out3": "--"}
{"timestamp": 1727804359005, "out1": "4.7", "out2": "--", "out3": "--"}
{"timestamp": 1727804359105, "out1": "4.9", "out2": "3.0", "out3": "--"}
{"timestamp": 1727804359205, "out1": "4.9", "out2": "--", "out3": "5.0"}
{"timestamp": 1727804359305, "out1": "4.5", "out2": "2.0", "out3": "--"}
{"timestamp": 1727804359405, "out1": "3.2", "out2": "--", "out3": "--"}
{"timestamp": 1727804359505, "out1": "1.8", "out2": "1.0", "out3": "--"}
{"timestamp": 1727804359605, "out1": "1.2", "out2": "--", "out3": "--"}
{"timestamp": 1727804359705, "out1": "-0.2", "out2": "-0.0", "out3": "0.0"}
{"timestamp": 1727804359805, "out1": "-2.7", "out2": "--", "out3": "--"}
{"timestamp": 1727804359905, "out1": "-3.6", "out2": "-1.0", "out3": "--"}
{"timestamp": 1727804360005, "out1": "-4.7", "out2": "--", "out3": "--"}
{"timestamp": 1727804360105, "out1": "-4.9", "out2": "-2.0", "out3": "--"}
{"timestamp": 1727804360205, "out1": "-4.9", "out2": "--", "out3": "0.0"}
{"timestamp": 1727804360305, "out1": "-4.5", "out2": "-3.0", "out3": "--"}
{"timestamp": 1727804360405, "out1": "-3.3", "out2": "--", "out3": "--"}
{"timestamp": 1727804360505, "out1": "-2.0", "out2": "--", "out3": "--"}
{"timestamp": 1727804360605, "out1": "-0.3", "out2": "--", "out3": "--"}
{"timestamp": 1727804360705, "out1": "0.6", "out2": "-5.0", "out3": "0.0"}
{"timestamp": 1727804360805, "out1": "2.7", "out2": "--", "out3": "--"}
{"timestamp": 1727804360905, "out1": "3.3", "out2": "-4.0", "out3": "--"}
{"timestamp": 1727804361005, "out1": "4.7", "out2": "--", "out3": "--"}
{"timestamp": 1727804361105, "out1": "4.8", "out2": "-3.0", "out3": "--"}
{"timestamp": 1727804361205, "out1": "5.0", "out2": "--", "out3": "0.0"}
{"timestamp": 1727804361305, "out1": "4.4", "out2": "-2.0", "out3": "--"}
{"timestamp": 1727804361405, "out1": "3.1", "out2": "--", "out3": "--"}
{"timestamp": 1727804361505, "out1": "2.3", "out2": "-1.0", "out3": "--"}
{"timestamp": 1727804361605, "out1": "0.6", "out2": "--", "out3": "--"}
{"timestamp": 1727804361705, "out1": "-0.5", "out2": "0.0", "out3": "0.0"}
{"timestamp": 1727804361805, "out1": "-2.7", "out2": "--", "out3": "--"}
{"timestamp": 1727804361905, "out1": "-3.4", "out2": "1.0", "out3": "--"}
{"timestamp": 1727804362005, "out1": "-4.6", "out2": "--", "out3": "--"}
{"timestamp": 1727804362105, "out1": "-5.0", "out2": "2.0", "out3": "--"}
{"timestamp": 1727804362205, "out1": "-5.0", "out2": "--", "out3": "0.0"}
{"timestamp": 1727804362305, "out1": "-4.4", "out2": "3.0", "out3": "--"}
{"timestamp": 1727804362405, "out1": "-3.1", "out2": "--", "out3": "--"}
{"timestamp": 1727804362505, "out1": "-2.1", "out2": "4.0", "out3": "--"}
{"timestamp": 1727804362605, "out1": "-0.2", "out2": "--", "out3": "--"}
{"timestamp": 1727804362705, "out1": "-0.0", "out2": "5.0", "out3": "0.0"}
{"timestamp": 1727804362805, "out1": "2.7", "out2": "--", "out3": "--"}
{"timestamp": 1727804362905, "out1": "3.6", "out2": "4.0", "out3": "--"}
{"timestamp": 1727804363005, "out1": "4.5", "out2": "--", "out3": "--"}
{"timestamp": 1727804363105, "out1": "5.0", "out2": "3.0", "out3": "--"}
{"timestamp": 1727804363205, "out1": "5.0", "out2": "--", "out3": "0.0"}
{"timestamp": 1727804363305, "out1": "4.4", "out2": "2.0", "out3": "--"}
{"timestamp": 1727804363405, "out1": "3.3", "out2": "--", "out3": "--"}
{"timestamp": 1727804363505, "out1": "2.1", "out2": "1.0", "out3": "--"}
{"timestamp": 1727804363605, "out1": "0.2", "out2": "--", "out3": "--"}
{"timestamp": 1727804363705, "out1": "-0.5", "out2": "-0.0", "out3": "0.0"}
{"timestamp": 1727804363805, "out1": "-2.8", "out2": "--", "out3": "--"}
{"timestamp": 1727804363905, "out1": "-3.1", "out2": "-1.0", "out3": "--"}
{"timestamp": 1727804364005, "out1": "-4.6", "out2": "--", "out3": "--"}
{"timestamp": 1727804364105, "out1": "-5.0", "out2": "-2.0", "out3": "--"}
{"timestamp": 1727804364205, "out1": "-5.0", "out2": "--", "out3": "0.0"}
{"timestamp": 1727804364305, "out1": "-4.7", "out2": "-3.0", "out3": "--"}
{"timestamp": 1727804364405, "out1": "-3.1", "out2": "--", "out3": "--"}
{"timestamp": 1727804364505, "out1": "-2.9", "out2": "-4.0", "out3": "--"}
{"timestamp": 1727804364605, "out1": "-1.5", "out2": "--", "out3": "--"}
{"timestamp": 1727804364705, "out1": "0.5", "out2": "-5.0", "out3": "5.0"}
{"timestamp": 1727804364805, "out1": "2.7", "out2": "--", "out3": "--"}
{"timestamp": 1727804364905, "out1": "3.1", "out2": "-4.0", "out3": "--"}
{"timestamp": 1727804365005, "out1": "4.6", "out2": "--", "out3": "--"}
{"timestamp": 1727804365105, "out1": "5.0", "out2": "-3.0", "out3": "--"}
{"timestamp": 1727804365205, "out1": "5.0", "out2": "--", "out3": "5.0"}
{"timestamp": 1727804365305, "out1": "4.5", "out2": "-2.0", "out3": "--"}
{"timestamp": 1727804365405, "out1": "3.3", "out2": "--", "out3": "--"}
{"timestamp": 1727804365505, "out1": "2.3", "out2": "-1.0", "out3": "--"}
{"timestamp": 1727804365605, "out1": "0.2", "out2": "--", "out3": "--"}
{"timestamp": 1727804365705, "out1": "-0.2", "out2": "0.0", "out3": "0.0"}
{"timestamp": 1727804365805, "out1": "-2.7", "out2": "--", "out3": "--"}
{"timestamp": 1727804365905, "out1": "-3.6", "out2": "1.0", "out3": "--"}
{"timestamp": 1727804366005, "out1": "-4.7", "out2": "--", "out3": "--"}
{"timestamp": 1727804366105, "out1": "-4.9", "out2": "2.0", "out3": "--"}
{"timestamp": 1727804366205, "out1": "-4.9", "out2": "--", "out3": "0.0"}
{"timestamp": 1727804366305, "out1": "-4.4", "out2": "3.0", "out3": "--"}
{"timestamp": 1727804366405, "out1": "-3.2", "out2": "--", "out3": "--"}
{"timestamp": 1727804366505, "out1": "-2.5", "out2": "4.0", "out3": "--"}
{"timestamp": 1727804366605, "out1": "-0.2", "out2": "--", "out3": "--"}
{"timestamp": 1727804366705, "out1": "0.5", "out2": "5.0", "out3": "0.0"}
{"timestamp": 1727804366805, "out1": "2.7", "out2": "--", "out3": "--"}
{"timestamp": 1727804366905, "out1": "3.4", "out2": "4.0", "out3": "--"}
{"timestamp": 1727804367005, "out1": "4.4", "out2": "--", "out3": "--"}
{"timestamp": 1727804367105, "out1": "5.0", "out2": "3.0", "out3": "--"}
{"timestamp": 1727804367205, "out1": "4.9", "out2": "--", "out3": "0.0"}
{"timestamp": 1727804367305, "out1": "4.4", "out2": "2.0", "out3": "--"}
{"timestamp": 1727804367405, "out1": "3.1", "out2": "--", "out3": "--"}
{"timestamp": 1727804367505, "out1": "2.1", "out2": "1.0", "out3": "--"}
{"timestamp": 1727804367605, "out1": "0.3", "out2": "--", "out3": "--"}
{"timestamp": 1727804367705, "out1": "-0.6", "out2": "-0.0", "out3": "0.0"}
{"timestamp": 1727804367805, "out1": "-2.0", "out2": "--", "out3": "--"}
{"timestamp": 1727804367905, "out1": "-3.3", "out2": "-1.0", "out3": "--"}
{"timestamp": 1727804368005, "out1": "-4.7", "out2": "--", "out3": "--"}
{"timestamp": 1727804368105, "out1": "-4.9", "out2": "-2.0", "out3": "--"}
{"timestamp": 1727804368205, "out1": "-4.9", "out2": "--", "out3": "0.0"}
{"timestamp": 1727804368305, "out1": "-4.1", "out2": "--", "out3": "--"}
{"timestamp": 1727804368405, "out1": "-3.1", "out2": "--", "out3": "--"}
{"timestamp": 1727804368505, "out1": "-2.7", "out2": "-4.0", "out3": "--"}
{"timestamp": 1727804368605, "out1": "-0.2", "out2": "--", "out3": "--"}
{"timestamp": 1727804368705, "out1": "0.6", "out2": "-5.0", "out3": "0.0"}
{"timestamp": 1727804368805, "out1": "2.5", "out2": "--", "out3": "--"}
{"timestamp": 1727804368905, "out1": "4.0", "out2": "--", "out3": "--"}
{"timestamp": 1727804369005, "out1": "4.6", "out2": "--", "out3": "--"}
{"timestamp": 1727804369105, "out1": "4.9", "out2": "-3.0", "out3": "--"}
{"timestamp": 1727804369205, "out1": "4.9", "out2": "--", "out3": "0.0"}
{"timestamp": 1727804369305, "out1": "4.6", "out2": "-2.0", "out3": "--"}
{"timestamp": 1727804369405, "out1": "3.2", "out2": "--", "out3": "--"}
{"timestamp": 1727804369505, "out1": "2.1", "out2": "-1.0", "out3": "--"}
{"timestamp": 1727804369605, "out1": "0.2", "out2": "--", "out3": "--"}
{"timestamp": 1727804369705, "out1": "-0.6", "out2": "0.0", "out3": "5.0"}
{"timestamp": 1727804369805, "out1": "-2.4", "out2": "--", "out3": "--"}
{"timestamp": 1727804369905, "out1": "-3.5", "out2": "1.0", "out3": "--"}
{"timestamp": 1727804370005, "out1": "-4.6", "out2": "--", "out3": "--"}
{"timestamp": 1727804370105, "out1": "-4.8", "out2": "2.0", "out3": "--"}
{"timestamp": 1727804370205, "out1": "-4.9", "out2": "--", "out3": "5.0"}
{"timestamp": 1727804370305, "out1": "-4.6", "out2": "3.0", "out3": "--"}
{"timestamp": 1727804370405, "out1": "-3.3", "out2": "--", "out3": "--"}
{"timestamp": 1727804370505, "out1": "-2.5", "out2": "4.0", "out3": "--"}
{"timestamp": 1727804370605, "out1": "-0.2", "out2": "--", "out3": "--"}
{"timestamp": 1727804370705, "out1": "0.5", "out2": "5.0", "out3": "5.0"}
{"timestamp": 1727804370805, "out1": "2.7", "out2": "--", "out3": "--"}
{"timestamp": 1727804370905, "out1": "3.4", "out2": "4.0", "out3": "--"}
{"timestamp": 1727804371005, "out1": "4.7", "out2": "--", "out3": "--"}
{"timestamp": 1727804371105, "out1": "4.8", "out2": "3.0", "out3": "--"}
{"timestamp": 1727804371205, "out1": "5.0", "out2": "--", "out3": "5.0"}
{"timestamp": 1727804371305, "out1": "4.5", "out2": "2.0", "out3": "--"}
{"timestamp": 1727804371405, "out1": "3.1", "out2": "--", "out3": "--"}
{"timestamp": 1727804371505, "out1": "2.5", "out2": "1.0", "out3": "--"}
{"timestamp": 1727804371605, "out1": "0.6", "out2": "--", "out3": "--"}
{"timestamp": 1727804371705, "out1": "--", "out2": "-0.0", "out3": "0.0"}
{"timestamp": 1727804371805, "out1": "-2.4", "out2": "--", "out3": "--"}
{"timestamp": 1727804371905, "out1": "-3.6", "out2": "-1.0", "out3": "--"}
{"timestamp": 1727804372005, "out1": "-4.6", "out2": "--", "out3": "--"}
{"timestamp": 1727804372105, "out1": "-5.0", "out2": "-2.0", "out3": "--"}
{"timestamp": 1727804372205, "out1": "-4.9", "out2": "--", "out3": "0.0"}
{"timestamp": 1727804372305, "out1": "-4.6", "out2": "-3.0", "out3": "--"}
{"timestamp": 1727804372405, "out1": "-3.1", "out2": "--", "out3": "--"}
{"timestamp": 1727804372505, "out1": "-2.4", "out2": "-4.0", "out3": "--"}
{"timestamp": 1727804372605, "out1": "-0.2", "out2": "--", "out3": "--"}
{"timestamp": 1727804372705, "out1": "0.2", "out2": "-5.0", "out3": "0.0"}
{"timestamp": 1727804372805, "out1": "2.8", "out2": "--", "out3": "--"}
{"timestamp": 1727804372905, "out1": "3.6", "out2": "-4.0", "out3": "--"}
{"timestamp": 1727804373005, "out1": "4.6", "out2": "--", "out3": "--"}
{"timestamp": 1727804373105, "out1": "4.9", "out2": "-3.0", "out3": "--"}
{"timestamp": 1727804373205, "out1": "4.9", "out2": "--", "out3": "0.0"}
{"timestamp": 1727804373305, "out1": "4.5", "out2": "-2.0", "out3": "--"}
{"timestamp": 1727804373405, "out1": "3.2", "out2": "--", "out3": "--"}
{"timestamp": 1727804373505, "out1": "2.1", "out2": "-1.0", "out3": "--"}
{"timestamp": 1727804373605, "out1": "0.3", "out2": "--", "out3": "--"}
{"timestamp": 1727804373705, "out1": "-0.6", "out2": "0.0", "out3": "0.0"}
{"timestamp": 1727804373805, "out1": "-2.8", "out2": "--", "out3": "--"}
{"timestamp": 1727804373905, "out1": "-3.1", "out2": "1.0", "out3": "--"}
{"timestamp": 1727804374005, "out1": "-4.7", "out2": "--", "out3": "--"}
{"timestamp": 1727804374105, "out1": "-5.0", "out2": "2.0", "out3": "--"}
{"timestamp": 1727804374205, "out1": "-5.0", "out2": "--", "out3": "0.0"}
{"timestamp": 1727804374305, "out1": "-4.5", "out2": "3.0", "out3": "--"}
{"timestamp": 1727804374405, "out1": "-3.1", "out2": "--", "out3": "--"}
{"timestamp": 1727804374505, "out1": "-2.3", "out2": "4.0", "out3": "--"}
{"timestamp": 1727804374605, "out1": "-0.3", "out2": "--", "out3": "--"}
{"timestamp": 1727804374705, "out1": "0.6", "out2": "5.0", "out3": "0.0"}
{"timestamp": 1727804374805, "out1": "2.7", "out2": "--", "out3": "--"}
{"timestamp": 1727804374905, "out1": "3.5", "out2": "4.0", "out3": "--"}
{"timestamp": 1727804375005, "out1": "4.6", "out2": "--", "out3": "--"}
{"timestamp": 1727804375105, "out1": "4.9", "out2": "3.0", "out3": "--"}
{"timestamp": 1727804375205, "out1": "4.9", "out2": "--", "out3": "0.0"}
{"timestamp": 1727804375305, "out1": "4.5", "out2": "2.0", "out3": "--"}
{"timestamp": 1727804375405, "out1": "3.1", "out2": "--", "out3": "--"}
{"timestamp": 1727804375505, "out1": "2.1", "out2": "1.0", "out3": "--"}
{"timestamp": 1727804375605, "out1": "0.3", "out2": "--", "out3": "--"}
{"timestamp": 1727804375705, "out1": "-0.6", "out2": "-0.0", "out3": "0.0"}
{"timestamp": 1727804375805, "out1": "-2.7", "out2": "--", "out3": "--"}
{"timestamp": 1727804375905, "out1": "-3.6", "out2": "-1.0", "out3": "--"}
{"timestamp": 1727804376005, "out1": "-4.5", "out2": "--", "out3": "--"}
{"timestamp": 1727804376105, "out1": "-5.0", "out2": "-2.0", "out3": "--"}
{"timestamp": 1727804376205, "out1": "-4.8", "out2": "--", "out3": "0.0"}
{"timestamp": 1727804376305, "out1": "-4.6", "out2": "-3.0", "out3": "--"}
{"timestamp": 1727804376405, "out1": "-3.8", "out2": "--", "out3": "--"}
{"timestamp": 1727804376505, "out1": "-2.1", "out2": "-4.0", "out3": "--"}
{"timestamp": 1727804376605, "out1": "-0.3", "out2": "--", "out3": "--"}
{"timestamp": 1727804376705, "out1": "0.3", "out2": "-5.0", "out3": "5.0"}
{"timestamp": 1727804376805, "out1": "2.5", "out2": "--", "out3": "--"}
{"timestamp": 1727804376905, "out1": "3.6", "out2": "-4.0", "out3": "--"}
{"timestamp": 1727804377005, "out1": "4.6", "out2": "--", "out3": "--"}
{"timestamp": 1727804377105, "out1": "4.9", "out2": "-3.0", "out3": "--"}
{"timestamp": 1727804377205, "out1": "5.0", "out2": "--", "out3": "5.0"}
{"timestamp": 1727804377305, "out1": "4.4", "out2": "-2.0", "out3": "--"}
{"timestamp": 1727804377405, "out1": "3.1", "out2": "--", "out3": "--"}
{"timestamp": 1727804377505, "out1": "2.1", "out2": "-1.0", "out3": "--"}
{"timestamp": 1727804377605, "out1": "0.2", "out2": "--", "out3": "--"}
{"timestamp": 1727804377705, "out1": "--", "out2": "0.0", "out3": "5.0"}
{"timestamp": 1727804377805, "out1": "-2.8", "out2": "--", "out3": "--"}
{"timestamp": 1727804377905, "out1": "-3.3", "out2": "1.0", "out3": "--"}
{"timestamp": 1727804378005, "out1": "-4.7", "out2": "--", "out3": "--"}
{"timestamp": 1727804378105, "out1": "-5.0", "out2": "2.0", "out3": "--"}
{"timestamp": 1727804378205, "out1": "-4.9", "out2": "--", "out3": "5.0"}
{"timestamp": 1727804378305, "out1": "-4.6", "out2": "3.0", "out3": "--"}
{"timestamp": 1727804378405, "out1": "-3.1", "out2": "--", "out3": "--"}
{"timestamp": 1727804378505, "out1": "-2.3", "out2": "4.0", "out3": "--"}
{"timestamp": 1727804378605, "out1": "-0.5", "out2": "--", "out3": "--"}
{"timestamp": 1727804378705, "out1": "0.5", "out2": "5.0", "out3": "5.0"}
{"timestamp": 1727804378805, "out1": "2.8", "out2": "--", "out3": "--"}
{"timestamp": 1727804378905, "out1": "3.6", "out2": "4.0", "out3": "--"}
{"timestamp": 1727804379005, "out1": "4.6", "out2": "--", "out3": "--"}
{"timestamp": 1727804379105, "out1": "5.0", "out2": "3.0", "out3": "--"}
{"timestamp": 1727804379205, "out1": "4.9", "out2": "--", "out3": "5.0"}
{"timestamp": 1727804379305, "out1": "4.4", "out2": "2.0", "out3": "--"}
{"timestamp": 1727804379405, "out1": "3.1", "out2": "--", "out3": "--"}
{"timestamp": 1727804379505, "out1": "2.3", "out2": "1.0", "out3": "--"}
{"timestamp": 1727804379605, "out1": "0.2", "out2": "--", "out3": "--"}
{"timestamp": 1727804379705, "out1": "-0.2", "out2": "-0.0", "out3": "5.0"}
{"timestamp": 1727804379805, "out1": "-2.8", "out2": "--", "out3": "--"}
{"timestamp": 1727804379905, "out1": "-3.6", "out2": "-1.0", "out3": "--"}
{"timestamp": 1727804380005, "out1": "-4.6", "out2": "--", "out3": "--"}
{"timestamp": 1727804380105, "out1": "-5.0", "out2": "-2.0", "out3": "--"}
{"timestamp": 1727804380205, "out1": "-5.0", "out2": "--", "out3": "5.0"}
{"timestamp": 1727804380305, "out1": "-4.5", "out2": "-3.0", "out3": "--"}
{"timestamp": 1727804380405, "out1": "-3.5", "out2": "--", "out3": "--"}
{"timestamp": 1727804380505, "out1": "-2.3", "out2": "-4.0", "out3": "--"}
{"timestamp": 1727804380605, "out1": "-0.5", "out2": "--", "out3": "--"}
{"timestamp": 1727804380705, "out1": "0.5", "out2": "-5.0", "out3": "0.0"}
{"timestamp": 1727804380805, "out1": "2.7", "out2": "--", "out3": "--"}
{"timestamp": 1727804380905, "out1": "3.4", "out2": "-4.0", "out3": "--"}
{"timestamp": 1727804381005, "out1": "4.6", "out2": "--", "out3": "--"}
{"timestamp": 1727804381105, "out1": "5.0", "out2": "--", "out3": "--"}
{"timestamp": 1727804381205, "out1": "4.9", "out2": "--", "out3": "0.0"}
{"timestamp": 1727804381305, "out1": "4.5", "out2": "-2.0", "out3": "--"}
{"timestamp": 1727804381405, "out1": "3.2", "out2": "--", "out3": "--"}
{"timestamp": 1727804381505, "out1": "2.1", "out2": "-1.0", "out3": "--"}
{"timestamp": 1727804381605, "out1": "0.6", "out2": "--", "out3": "--"}
{"timestamp": 1727804381705, "out1": "-0.9", "out2": "--", "out3": "0.0"}
{"timestamp": 1727804381805, "out1": "-2.8", "out2": "--", "out3": "--"}
{"timestamp": 1727804381905, "out1": "-3.5", "out2": "1.0", "out3": "--"}
{"timestamp": 1727804382005, "out1": "-4.6", "out2": "--", "out3": "--"}
{"timestamp": 1727804382105, "out1": "-4.9", "out2": "2.0", "out3": "--"}
{"timestamp": 1727804382205, "out1": "-5.0", "out2": "--", "out3": "0.0"}
{"timestamp": 1727804382305, "out1": "-4.5", "out2": "3.0", "out3": "--"}
{"timestamp": 1727804382405, "out1": "-3.2", "out2": "--", "out3": "--"}
{"timestamp": 1727804382505, "out1": "-2.0", "out2": "--", "out3": "--"}
{"timestamp": 1727804382605, "out1": "-0.6", "out2": "--", "out3": "--"}
{"timestamp": 1727804382705, "out1": "--", "out2": "5.0", "out3": "0.0"}
{"timestamp": 1727804382805, "out1": "2.5", "out2": "--", "out3": "--"}
{"timestamp": 1727804382905, "out1": "3.6", "out2": "4.0", "out3": "--"}
{"timestamp": 1727804383005, "out1": "4.6", "out2": "--", "out3": "--"}
{"timestamp": 1727804383105, "out1": "5.0", "out2": "3.0", "out3": "--"}
{"timestamp": 1727804383205, "out1": "5.0", "out2": "--", "out3": "0.0"}
{"timestamp": 1727804383305, "out1": "4.5", "out2": "2.0", "out3": "--"}
{"timestamp": 1727804383405, "out1": "3.2", "out2": "--", "out3": "--"}
{"timestamp": 1727804383505, "out1": "2.3", "out2": "1.0", "out3": "--"}
{"timestamp": 1727804383605, "out1": "0.5", "out2": "--", "out3": "--"}
{"timestamp": 1727804383705, "out1": "-0.5", "out2": "-0.0", "out3": "0.0"}
{"timestamp": 1727804383805, "out1": "-2.4", "out2": "--", "out3": "--"}
{"timestamp": 1727804383905, "out1": "-3.3", "out2": "-1.0", "out3": "--"}
{"timestamp": 1727804384005, "out1": "-4.6", "out2": "--", "out3": "--"}
{"timestamp": 1727804384105, "out1": "-4.9", "out2": "-2.0", "out3": "--"}
{"timestamp": 1727804384205, "out1": "-5.0", "out2": "--", "out3": "0.0"}
{"timestamp": 1727804384305, "out1": "-4.1", "out2": "--", "out3": "--"}
{"timestamp": 1727804384405, "out1": "-3.1", "out2": "--", "out3": "--"}
{"timestamp": 1727804384505, "out1": "-2.3", "out2": "-4.0", "out3": "--"}
{"timestamp": 1727804384605, "out1": "-0.2", "out2": "--", "out3": "--"}
{"timestamp": 1727804384705, "out1": "0.6", "out2": "-5.0", "out3": "0.0"}
{"timestamp": 1727804384805, "out1": "2.7", "out2": "--", "out3": "--"}
{"timestamp": 1727804384905, "out1": "3.5", "out2": "-4.0", "out3": "--"}
{"timestamp": 1727804385005, "out1": "4.6", "out2": "--", "out3": "--"}
{"timestamp": 1727804385105, "out1": "4.9", "out2": "-3.0", "out3": "--"}
{"timestamp": 1727804385205, "out1": "5.0", "out2": "--", "out3": "0.0"}
{"timestamp": 1727804385305, "out1": "4.5", "out2": "-2.0", "out3": "--"}
{"timestamp": 1727804385405, "out1": "3.2", "out2": "--", "out3": "--"}
{"timestamp": 1727804385505, "out1": "2.7", "out2": "-1.0", "out3": "--"}
{"timestamp": 1727804385605, "out1": "0.2", "out2": "--", "out3": "--"}
{"timestamp": 1727804385705, "out1": "-0.6", "out2": "0.0", "out3": "5.0"}
{"timestamp": 1727804385805, "out1": "-2.8", "out2": "--", "out3": "--"}
{"timestamp": 1727804385905, "out1": "-3.6", "out2": "1.0", "out3": "--"}
{"timestamp": 1727804386005, "out1": "-4.6", "out2": "--", "out3": "--"}
{"timestamp": 1727804386105, "out1": "-5.0", "out2": "2.0", "out3": "--"}
{"timestamp": 1727804386205, "out1": "-4.9", "out2": "--", "out3": "5.0"}
{"timestamp": 1727804386305, "out1": "-4.6", "out2": "3.0", "out3": "--"}
{"timestamp": 1727804386405, "out1": "-3.2", "out2": "--", "out3": "--"}
{"timestamp": 1727804386505, "out1": "-1.7", "out2": "4.0", "out3": "--"}
{"timestamp": 1727804386605, "out1": "-0.2", "out2": "--", "out3": "--"}
{"timestamp": 1727804386705, "out1": "0.3", "out2": "5.0", "out3": "5.0"}
{"timestamp": 1727804386805, "out1": "2.0", "out2": "--", "out3": "--"}
{"timestamp": 1727804386905, "out1": "3.6", "out2": "4.0", "out3": "--"}
{"timestamp": 1727804387005, "out1": "4.7", "out2": "--", "out3": "--"}
{"timestamp": 1727804387105, "out1": "4.9", "out2": "3.0", "out3": "--"}
{"timestamp": 1727804387205, "out1": "4.9", "out2": "--", "out3": "5.0"}
{"timestamp": 1727804387305, "out1": "4.4", "out2": "2.0", "out3": "--"}
{"timestamp": 1727804387405, "out1": "3.1", "out2": "--", "out3": "--"}
{"timestamp": 1727804387505, "out1": "2.1", "out2": "1.0", "out3": "--"}
{"timestamp": 1727804387605, "out1": "0.2", "out2": "--", "out3": "--"}